<?xml version="1.0" encoding="utf-8"?><testsuites name="pytest tests"><testsuite name="pytest" errors="0" failures="1" skipped="0" tests="14" time="2.882" timestamp="2026-04-28T16:08:18.500735+00:00" hostname="agent-env-4a4dc5d2-009b-4e68-9543-459fb7f2d074"><testcase classname="backend.tests.test_mediahunt_backend" name="test_root" time="0.320" /><testcase classname="backend.tests.test_mediahunt_backend" name="test_settings_default_shape" time="0.054" /><testcase classname="backend.tests.test_mediahunt_backend" name="test_settings_deep_merge_and_disk_persistence" time="0.107" /><testcase classname="backend.tests.test_mediahunt_backend" name="test_settings_persistence_api_key_then_reset" time="0.161" /><testcase classname="backend.tests.test_mediahunt_backend" name="test_search_missing_query_422" time="0.059" /><testcase classname="backend.tests.test_mediahunt_backend" name="test_search_anime_nyaa_returns_results" time="0.624" /><testcase classname="backend.tests.test_mediahunt_backend" name="test_search_movie_yts_graceful" time="0.218" /><testcase classname="backend.tests.test_mediahunt_backend" name="test_search_series_1337x_graceful" time="0.483" /><testcase classname="backend.tests.test_mediahunt_backend" name="test_test_connection_no_key" time="0.065" /><testcase classname="backend.tests.test_mediahunt_backend" name="test_test_connection_invalid_key" time="0.187"><failure message="AssertionError: assert True is False&#10; +  where True = &lt;built-in method get of dict object at 0xfa2712475cc0&gt;('success')&#10; +    where &lt;built-in method get of dict object at 0xfa2712475cc0&gt; = {'message': 'Conexão estabelecida com OpenSubtitles.', 'success': True}.get">backend/tests/test_mediahunt_backend.py:167: in test_test_connection_invalid_key
    assert body.get("success") is False
E   AssertionError: assert True is False
E    +  where True = &lt;built-in method get of dict object at 0xfa2712475cc0&gt;('success')
E    +    where &lt;built-in method get of dict object at 0xfa2712475cc0&gt; = {'message': 'Conexão estabelecida com OpenSubtitles.', 'success': True}.get</failure></testcase><testcase classname="backend.tests.test_mediahunt_backend" name="test_search_subtitles_no_key" time="0.054" /><testcase classname="backend.tests.test_mediahunt_backend" name="test_download_subtitle_no_key" time="0.054" /><testcase classname="backend.tests.test_mediahunt_backend" name="test_torrent_proxy_ok" time="0.238" /><testcase classname="backend.tests.test_mediahunt_backend" name="test_torrent_proxy_invalid_scheme" time="0.119" /></testsuite></testsuites>